<?xml version="1.0" encoding="UTF-8"?>
<beans xmlns="http://www.springframework.org/schema/beans"
	xmlns:xsi="http://www.w3.org/2001/XMLSchema-instance"
	xsi:schemaLocation="http://www.springframework.org/schema/beans 
						http://www.springframework.org/schema/beans/spring-beans.xsd">
	
	
	<bean id="dataSource" class="org.springframework.jdbc.datasource.SimpleDriverDataSource">
		<property name="driverClass" value="com.mysql.jdbc.Driver"/>
		<property name="url" value="jdbc:mysql://localhost/springbook"/>
		<property name="username" value="spring"/>
		<property name="password" value="book"/>
	</bean>
	
	<bean id="userDao" class="springbook.user.dao.UserDaoJdbc">
		<property name="dataSource" ref="dataSource"/>
	</bean>
	
	<!-- 
	<bean id="userService" class="springbook.user.service.TxProxyFactoryBean">
		<property name="transactionManager" ref="transactionManager"/>
		<property name="target" ref="userServiceImpl"/>
		<property name="pattern" value="upgradeLevels"/>
		<property name="serviceInterface" value="springbook.user.service.UserService"/>
	</bean>
	 -->
	
	<bean id="userService" class="springbook.user.service.UserServiceImpl">
		<property name="userDao" ref="userDao"></property>
		<property name="mailSender" ref="mailSender"></property>
	</bean>
	
	
	<bean id="transactionManager" class="org.springframework.jdbc.datasource.DataSourceTransactionManager">
		<property name="dataSource" ref="dataSource"></property>
	</bean>
	
	<bean id="mailSender" class="springbook.user.service.DummyMailSender"/>

	<!-- 어드바이스 빈 설정 -->
	<bean id="transactionAdvice" class="springbook.user.service.TransactionAdvice">
		<property name="transactionManager" ref="transactionManager"/>
	</bean>
	
	<!-- 포인트컷 설정(클래스 필터가 디폴트로 모든 클래스로 설정되어있음) -->
	<!-- 
	<bean id="transactionPointcut" class="org.springframework.aop.support.NameMatchMethodPointcut">
		<property name="mappedName" value="upgrade*"/>
	</bean>
	 -->
	 
	 <!-- 포인트컷 설정(클래스 필터가 설정된) -->
	 <bean id="transactionPointcut" class="springbook.learningtest.jdk.NameMatchClassMethodPointcut">
	 	<property name="mappedClassName" value="*ServiceImpl"/>
	 	<property name="mappedName" value="upgrade*"/>
	 </bean>
	 
	<!-- 어드바이저 설정 -->
	<bean id="transactionAdvisor" class="org.springframework.aop.support.DefaultPointcutAdvisor">
		<property name="advice" ref="transactionAdvice"/>
		<property name="pointcut" ref="transactionPointcut"/>
	</bean>
	
	<!-- ProxyFactoryBean 설정 
	<bean id="userService" class="org.springframework.aop.framework.ProxyFactoryBean">
		<property name="target" ref="userServiceImpl"/>
		<property name="interceptorNames"> 
			<list>
				<value>transactionAdvisor</value>
			</list>
		</property>
	</bean>
	--> 
	 
	 
	<!-- DefaultAdvisorAutoProxyCreator 빈 등록 -->
	<bean class="org.springframework.aop.framework.autoproxy.DefaultAdvisorAutoProxyCreator"/>
	
	<!-- 테스트용 UserService의 등록 -->
	<!-- 스태틱 멤버 클래스는 $로 지정한다. -->
	<bean id="testUserService" 
		  class="springbook.user.service.UserServiceTest$TestUserServiceImpl"
		  parent="userService"/> <!-- 프로퍼티 정의를 포함해서 userService빈의 설정을 상속받는다. -->
	
	
	
</beans>





















